<?xml version="1.0" encoding="UTF-8" ?>
<testsuite tests="2" failures="0" name="LoginTest" time="0.077" errors="0" skipped="0">
  <properties>
    <property name="java.runtime.name" value="OpenJDK Runtime Environment"/>
    <property name="java.vm.version" value="11.0.28+6"/>
    <property name="sun.boot.library.path" value="C:\Program Files\Eclipse Adoptium\jdk-11.0.28.6-hotspot\bin"/>
    <property name="maven.multiModuleProjectDirectory" value="C:\Users\nores\Documents\NetBeansProjects\mooc-java-programming-i\part03-Part03_25.Login"/>
    <property name="java.vm.vendor" value="Eclipse Adoptium"/>
    <property name="java.vendor.url" value="https://adoptium.net/"/>
    <property name="guice.disable.misplaced.annotation.check" value="true"/>
    <property name="path.separator" value=";"/>
    <property name="java.vm.name" value="OpenJDK 64-Bit Server VM"/>
    <property name="sun.os.patch.level" value=""/>
    <property name="user.script" value=""/>
    <property name="user.country" value="IE"/>
    <property name="sun.java.launcher" value="SUN_STANDARD"/>
    <property name="java.vm.specification.name" value="Java Virtual Machine Specification"/>
    <property name="user.dir" value="C:\Users\nores\Documents\NetBeansProjects\mooc-java-programming-i\part03-Part03_25.Login"/>
    <property name="java.vm.compressedOopsMode" value="32-bit"/>
    <property name="java.runtime.version" value="11.0.28+6"/>
    <property name="java.awt.graphicsenv" value="sun.awt.Win32GraphicsEnvironment"/>
    <property name="os.arch" value="amd64"/>
    <property name="java.io.tmpdir" value="C:\Users\nores\AppData\Local\Temp\"/>
    <property name="line.separator" value="
"/>
    <property name="java.vm.specification.vendor" value="Oracle Corporation"/>
    <property name="user.variant" value=""/>
    <property name="os.name" value="Windows 11"/>
    <property name="classworlds.conf" value="C:\Program Files\TMCBeans\java\maven\bin\..\bin\m2.conf"/>
    <property name="sun.jnu.encoding" value="Cp1252"/>
    <property name="java.library.path" value="C:\Program Files\Eclipse Adoptium\jdk-11.0.28.6-hotspot\bin;C:\WINDOWS\Sun\Java\bin;C:\WINDOWS\system32;C:\WINDOWS;C:\Program Files\Eclipse Adoptium\jdk-11.0.28.6-hotspot\bin;C:\WINDOWS\system32;C:\WINDOWS;C:\WINDOWS\System32\Wbem;C:\WINDOWS\System32\WindowsPowerShell\v1.0\;C:\WINDOWS\System32\OpenSSH\;C:\Users\nores\AppData\Local\Programs\Python\Launcher\;C:\Users\nores\AppData\Local\Microsoft\WindowsApps;C:\Users\nores\AppData\Local\Programs\Git\cmd;."/>
    <property name="maven.conf" value="C:\Program Files\TMCBeans\java\maven\bin\../conf"/>
    <property name="jdk.debug" value="release"/>
    <property name="java.class.version" value="55.0"/>
    <property name="java.specification.name" value="Java Platform API Specification"/>
    <property name="sun.management.compiler" value="HotSpot 64-Bit Tiered Compilers"/>
    <property name="os.version" value="10.0"/>
    <property name="library.jansi.path" value="C:\Program Files\TMCBeans\java\maven\bin\..\lib\jansi-native"/>
    <property name="user.home" value="C:\Users\nores"/>
    <property name="user.timezone" value="Europe/Dublin"/>
    <property name="java.awt.printerjob" value="sun.awt.windows.WPrinterJob"/>
    <property name="file.encoding" value="UTF-8"/>
    <property name="java.specification.version" value="11"/>
    <property name="user.name" value="nores"/>
    <property name="java.class.path" value="C:\Program Files\TMCBeans\java\maven\bin\..\boot\plexus-classworlds-2.6.0.jar"/>
    <property name="org.slf4j.simpleLogger.defaultLogLevel" value="error"/>
    <property name="java.vm.specification.version" value="11"/>
    <property name="sun.arch.data.model" value="64"/>
    <property name="sun.java.command" value="org.codehaus.plexus.classworlds.launcher.Launcher -Dfile.encoding=UTF-8 -T=1 -q clean install"/>
    <property name="java.home" value="C:\Program Files\Eclipse Adoptium\jdk-11.0.28.6-hotspot"/>
    <property name="user.language" value="en"/>
    <property name="java.specification.vendor" value="Oracle Corporation"/>
    <property name="awt.toolkit" value="sun.awt.windows.WToolkit"/>
    <property name="java.vm.info" value="mixed mode"/>
    <property name="java.version" value="11.0.28"/>
    <property name="java.vendor" value="Eclipse Adoptium"/>
    <property name="java.specification.maintenance.version" value="3"/>
    <property name="maven.home" value="C:\Program Files\TMCBeans\java\maven\bin\.."/>
    <property name="file.separator" value="\"/>
    <property name="java.version.date" value="2025-07-15"/>
    <property name="java.vendor.url.bug" value="https://github.com/adoptium/adoptium-support/issues"/>
    <property name="sun.io.unicode.encoding" value="UnicodeLittle"/>
    <property name="sun.cpu.endian" value="little"/>
    <property name="java.vendor.version" value="Temurin-11.0.28+6"/>
    <property name="sun.desktop" value="windows"/>
    <property name="sun.cpu.isalist" value="amd64"/>
  </properties>
  <testcase classname="LoginTest" name="incorrectOnesNotPassing" time="0.074"/>
  <testcase classname="LoginTest" name="CorrectOnesPass" time="0.003"/>
</testsuite>